The system is: Windows - 10.0.19044 - AMD64
Compiling the C compiler identification source file "CMakeCCompilerId.c" succeeded.
Compiler:  
Build flags: 
Id flags:  

The output was:
0
MSBuild version 17.3.0-preview-22330-03+94c28cca4 for .NET Framework
Сборка начата 22.07.2022 19:52:22.
Проект "G:\C++\2022_07_14\VulkanTest26-Loading_models_Exp02\Vulkan3Dwheel\build\CMakeFiles\3.23.2\CompilerIdC\CompilerIdC.vcxproj" в узле 1 (целевые объекты по умолчанию).
PrepareForBuild:
  Создание каталога "Debug\".
  Создание каталога "Debug\CompilerIdC.tlog\".
InitializeBuildStatus:
  Создание "Debug\CompilerIdC.tlog\unsuccessfulbuild", так как было задано "AlwaysCreate".
VcpkgTripletSelection:
  Using triplet "x64-windows" from "C:\Users\aldes\source\repos\vcpkg\installed\x64-windows\"
ClCompile:
  D:\Program Files\Microsoft Visual Studio\2022\Enterprise\VC\Tools\MSVC\14.33.31627\bin\HostX64\x64\CL.exe /c /I"C:\Users\aldes\source\repos\vcpkg\installed\x64-windows\include" /nologo /W0 /WX- /diagnostics:column /Od /D _MBCS /Gm- /EHsc /RTC1 /MDd /GS /fp:precise /Zc:wchar_t /Zc:forScope /Zc:inline /Fo"Debug\\" /Fd"Debug\vc143.pdb" /external:W0 /Gd /TC /FC /errorReport:queue CMakeCCompilerId.c
  CMakeCCompilerId.c
Link:
  D:\Program Files\Microsoft Visual Studio\2022\Enterprise\VC\Tools\MSVC\14.33.31627\bin\HostX64\x64\link.exe /ERRORREPORT:QUEUE /OUT:".\CompilerIdC.exe" /INCREMENTAL:NO /NOLOGO /LIBPATH:"C:\Users\aldes\source\repos\vcpkg\installed\x64-windows\debug\lib" /LIBPATH:"C:\Users\aldes\source\repos\vcpkg\installed\x64-windows\debug\lib\manual-link" kernel32.lib user32.lib gdi32.lib winspool.lib comdlg32.lib advapi32.lib shell32.lib ole32.lib oleaut32.lib uuid.lib odbc32.lib odbccp32.lib "C:\Users\aldes\source\repos\vcpkg\installed\x64-windows\debug\lib\*.lib" /MANIFEST /MANIFESTUAC:"level='asInvoker' uiAccess='false'" /manifest:embed /PDB:".\CompilerIdC.pdb" /SUBSYSTEM:CONSOLE /TLBID:1 /DYNAMICBASE /NXCOMPAT /IMPLIB:".\CompilerIdC.lib" /MACHINE:X64 Debug\CMakeCCompilerId.obj
  CompilerIdC.vcxproj -> G:\C++\2022_07_14\VulkanTest26-Loading_models_Exp02\Vulkan3Dwheel\build\CMakeFiles\3.23.2\CompilerIdC\CompilerIdC.exe
AppLocalFromInstalled:
  pwsh.exe -ExecutionPolicy Bypass -noprofile -File "C:\Users\aldes\source\repos\vcpkg\scripts\buildsystems\msbuild\applocal.ps1" "G:\C++\2022_07_14\VulkanTest26-Loading_models_Exp02\Vulkan3Dwheel\build\CMakeFiles\3.23.2\CompilerIdC\CompilerIdC.exe" "C:\Users\aldes\source\repos\vcpkg\installed\x64-windows\debug\bin" "Debug\CompilerIdC.tlog\CompilerIdC.write.1u.tlog" "Debug\vcpkg.applocal.log"
  "pwsh.exe" не является внутренней или внешней
  командой, исполняемой программой или пакетным файлом.
  Выход из команды "pwsh.exe -ExecutionPolicy Bypass -noprofile -File "C:\Users\aldes\source\repos\vcpkg\scripts\buildsystems\msbuild\applocal.ps1" "G:\C++\2022_07_14\VulkanTest26-Loading_models_Exp02\Vulkan3Dwheel\build\CMakeFiles\3.23.2\CompilerIdC\CompilerIdC.exe" "C:\Users\aldes\source\repos\vcpkg\installed\x64-windows\debug\bin" "Debug\CompilerIdC.tlog\CompilerIdC.write.1u.tlog" "Debug\vcpkg.applocal.log"" с кодом 9009.
  "C:\WINDOWS\System32\WindowsPowerShell\v1.0\powershell.exe" -ExecutionPolicy Bypass -noprofile -File "C:\Users\aldes\source\repos\vcpkg\scripts\buildsystems\msbuild\applocal.ps1" "G:\C++\2022_07_14\VulkanTest26-Loading_models_Exp02\Vulkan3Dwheel\build\CMakeFiles\3.23.2\CompilerIdC\CompilerIdC.exe" "C:\Users\aldes\source\repos\vcpkg\installed\x64-windows\debug\bin" "Debug\CompilerIdC.tlog\CompilerIdC.write.1u.tlog" "Debug\vcpkg.applocal.log"
PostBuildEvent:
  for %%i in (cl.exe) do @echo CMAKE_C_COMPILER=%%~$PATH:i
  :VCEnd
  CMAKE_C_COMPILER=D:\Program Files\Microsoft Visual Studio\2022\Enterprise\VC\Tools\MSVC\14.33.31627\bin\Hostx64\x64\cl.exe
FinalizeBuildStatus:
  Файл "Debug\CompilerIdC.tlog\unsuccessfulbuild" удаляется.
  Обращение к "Debug\CompilerIdC.tlog\CompilerIdC.lastbuildstate".
Сборка проекта "G:\C++\2022_07_14\VulkanTest26-Loading_models_Exp02\Vulkan3Dwheel\build\CMakeFiles\3.23.2\CompilerIdC\CompilerIdC.vcxproj" завершена (целевые объекты по умолчанию).

Сборка успешно завершена.
    Предупреждений: 0
    Ошибок: 0

Прошло времени 00:00:01.40


Compilation of the C compiler identification source "CMakeCCompilerId.c" produced "CompilerIdC.exe"

Compilation of the C compiler identification source "CMakeCCompilerId.c" produced "CompilerIdC.vcxproj"

The C compiler identification is MSVC, found in "G:/C++/2022_07_14/VulkanTest26-Loading_models_Exp02/Vulkan3Dwheel/build/CMakeFiles/3.23.2/CompilerIdC/CompilerIdC.exe"

Compiling the CXX compiler identification source file "CMakeCXXCompilerId.cpp" succeeded.
Compiler:  
Build flags: 
Id flags:  

The output was:
0
MSBuild version 17.3.0-preview-22330-03+94c28cca4 for .NET Framework
Сборка начата 22.07.2022 19:52:24.
Проект "G:\C++\2022_07_14\VulkanTest26-Loading_models_Exp02\Vulkan3Dwheel\build\CMakeFiles\3.23.2\CompilerIdCXX\CompilerIdCXX.vcxproj" в узле 1 (целевые объекты по умолчанию).
PrepareForBuild:
  Создание каталога "Debug\".
  Создание каталога "Debug\CompilerIdCXX.tlog\".
InitializeBuildStatus:
  Создание "Debug\CompilerIdCXX.tlog\unsuccessfulbuild", так как было задано "AlwaysCreate".
VcpkgTripletSelection:
  Using triplet "x64-windows" from "C:\Users\aldes\source\repos\vcpkg\installed\x64-windows\"
ClCompile:
  D:\Program Files\Microsoft Visual Studio\2022\Enterprise\VC\Tools\MSVC\14.33.31627\bin\HostX64\x64\CL.exe /c /I"C:\Users\aldes\source\repos\vcpkg\installed\x64-windows\include" /nologo /W0 /WX- /diagnostics:column /Od /D _MBCS /Gm- /EHsc /RTC1 /MDd /GS /fp:precise /Zc:wchar_t /Zc:forScope /Zc:inline /Fo"Debug\\" /Fd"Debug\vc143.pdb" /external:W0 /Gd /TP /FC /errorReport:queue CMakeCXXCompilerId.cpp
  CMakeCXXCompilerId.cpp
Link:
  D:\Program Files\Microsoft Visual Studio\2022\Enterprise\VC\Tools\MSVC\14.33.31627\bin\HostX64\x64\link.exe /ERRORREPORT:QUEUE /OUT:".\CompilerIdCXX.exe" /INCREMENTAL:NO /NOLOGO /LIBPATH:"C:\Users\aldes\source\repos\vcpkg\installed\x64-windows\debug\lib" /LIBPATH:"C:\Users\aldes\source\repos\vcpkg\installed\x64-windows\debug\lib\manual-link" kernel32.lib user32.lib gdi32.lib winspool.lib comdlg32.lib advapi32.lib shell32.lib ole32.lib oleaut32.lib uuid.lib odbc32.lib odbccp32.lib "C:\Users\aldes\source\repos\vcpkg\installed\x64-windows\debug\lib\*.lib" /MANIFEST /MANIFESTUAC:"level='asInvoker' uiAccess='false'" /manifest:embed /PDB:".\CompilerIdCXX.pdb" /SUBSYSTEM:CONSOLE /TLBID:1 /DYNAMICBASE /NXCOMPAT /IMPLIB:".\CompilerIdCXX.lib" /MACHINE:X64 Debug\CMakeCXXCompilerId.obj
  CompilerIdCXX.vcxproj -> G:\C++\2022_07_14\VulkanTest26-Loading_models_Exp02\Vulkan3Dwheel\build\CMakeFiles\3.23.2\CompilerIdCXX\CompilerIdCXX.exe
AppLocalFromInstalled:
  pwsh.exe -ExecutionPolicy Bypass -noprofile -File "C:\Users\aldes\source\repos\vcpkg\scripts\buildsystems\msbuild\applocal.ps1" "G:\C++\2022_07_14\VulkanTest26-Loading_models_Exp02\Vulkan3Dwheel\build\CMakeFiles\3.23.2\CompilerIdCXX\CompilerIdCXX.exe" "C:\Users\aldes\source\repos\vcpkg\installed\x64-windows\debug\bin" "Debug\CompilerIdCXX.tlog\CompilerIdCXX.write.1u.tlog" "Debug\vcpkg.applocal.log"
  "pwsh.exe" не является внутренней или внешней
  командой, исполняемой программой или пакетным файлом.
  Выход из команды "pwsh.exe -ExecutionPolicy Bypass -noprofile -File "C:\Users\aldes\source\repos\vcpkg\scripts\buildsystems\msbuild\applocal.ps1" "G:\C++\2022_07_14\VulkanTest26-Loading_models_Exp02\Vulkan3Dwheel\build\CMakeFiles\3.23.2\CompilerIdCXX\CompilerIdCXX.exe" "C:\Users\aldes\source\repos\vcpkg\installed\x64-windows\debug\bin" "Debug\CompilerIdCXX.tlog\CompilerIdCXX.write.1u.tlog" "Debug\vcpkg.applocal.log"" с кодом 9009.
  "C:\WINDOWS\System32\WindowsPowerShell\v1.0\powershell.exe" -ExecutionPolicy Bypass -noprofile -File "C:\Users\aldes\source\repos\vcpkg\scripts\buildsystems\msbuild\applocal.ps1" "G:\C++\2022_07_14\VulkanTest26-Loading_models_Exp02\Vulkan3Dwheel\build\CMakeFiles\3.23.2\CompilerIdCXX\CompilerIdCXX.exe" "C:\Users\aldes\source\repos\vcpkg\installed\x64-windows\debug\bin" "Debug\CompilerIdCXX.tlog\CompilerIdCXX.write.1u.tlog" "Debug\vcpkg.applocal.log"
PostBuildEvent:
  for %%i in (cl.exe) do @echo CMAKE_CXX_COMPILER=%%~$PATH:i
  :VCEnd
  CMAKE_CXX_COMPILER=D:\Program Files\Microsoft Visual Studio\2022\Enterprise\VC\Tools\MSVC\14.33.31627\bin\Hostx64\x64\cl.exe
FinalizeBuildStatus:
  Файл "Debug\CompilerIdCXX.tlog\unsuccessfulbuild" удаляется.
  Обращение к "Debug\CompilerIdCXX.tlog\CompilerIdCXX.lastbuildstate".
Сборка проекта "G:\C++\2022_07_14\VulkanTest26-Loading_models_Exp02\Vulkan3Dwheel\build\CMakeFiles\3.23.2\CompilerIdCXX\CompilerIdCXX.vcxproj" завершена (целевые объекты по умолчанию).

Сборка успешно завершена.
    Предупреждений: 0
    Ошибок: 0

Прошло времени 00:00:01.31


Compilation of the CXX compiler identification source "CMakeCXXCompilerId.cpp" produced "CompilerIdCXX.exe"

Compilation of the CXX compiler identification source "CMakeCXXCompilerId.cpp" produced "CompilerIdCXX.vcxproj"

The CXX compiler identification is MSVC, found in "G:/C++/2022_07_14/VulkanTest26-Loading_models_Exp02/Vulkan3Dwheel/build/CMakeFiles/3.23.2/CompilerIdCXX/CompilerIdCXX.exe"

Detecting C compiler ABI info compiled with the following output:
Change Dir: G:/C++/2022_07_14/VulkanTest26-Loading_models_Exp02/Vulkan3Dwheel/build/CMakeFiles/CMakeTmp

Run Build Command(s):D:/Program Files/Microsoft Visual Studio/2022/Enterprise/MSBuild/Current/Bin/amd64/MSBuild.exe cmTC_07511.vcxproj /p:Configuration=Debug /p:Platform=x64 /p:VisualStudioVersion=17.0 /v:m && MSBuild version 17.3.0-preview-22330-03+94c28cca4 for .NET Framework
  Оптимизирующий компилятор Microsoft (R) C/C++ версии 19.33.31627.1 для x64
  CMakeCCompilerABI.c
  (C) Корпорация Майкрософт (Microsoft Corporation).  Все права защищены.
  cl /c /I"C:\Users\aldes\source\repos\vcpkg\installed\x64-windows\include" /Zi /W3 /WX- /diagnostics:column /Od /Ob0 /D _MBCS /D WIN32 /D _WINDOWS /D "CMAKE_INTDIR=\"Debug\"" /Gm- /RTC1 /MDd /GS /fp:precise /Zc:wchar_t /Zc:forScope /Zc:inline /Fo"cmTC_07511.dir\Debug\\" /Fd"cmTC_07511.dir\Debug\vc143.pdb" /external:W3 /Gd /TC /errorReport:queue "D:\Program Files\CMake\share\cmake-3.23\Modules\CMakeCCompilerABI.c"
  cmTC_07511.vcxproj -> G:\C++\2022_07_14\VulkanTest26-Loading_models_Exp02\Vulkan3Dwheel\build\CMakeFiles\CMakeTmp\Debug\cmTC_07511.exe



Detecting CXX compiler ABI info compiled with the following output:
Change Dir: G:/C++/2022_07_14/VulkanTest26-Loading_models_Exp02/Vulkan3Dwheel/build/CMakeFiles/CMakeTmp

Run Build Command(s):D:/Program Files/Microsoft Visual Studio/2022/Enterprise/MSBuild/Current/Bin/amd64/MSBuild.exe cmTC_72b59.vcxproj /p:Configuration=Debug /p:Platform=x64 /p:VisualStudioVersion=17.0 /v:m && MSBuild version 17.3.0-preview-22330-03+94c28cca4 for .NET Framework
  Оптимизирующий компилятор Microsoft (R) C/C++ версии 19.33.31627.1 для x64
  CMakeCXXCompilerABI.cpp
  (C) Корпорация Майкрософт (Microsoft Corporation).  Все права защищены.
  cl /c /I"C:\Users\aldes\source\repos\vcpkg\installed\x64-windows\include" /Zi /W3 /WX- /diagnostics:column /Od /Ob0 /D _MBCS /D WIN32 /D _WINDOWS /D "CMAKE_INTDIR=\"Debug\"" /Gm- /EHsc /RTC1 /MDd /GS /fp:precise /Zc:wchar_t /Zc:forScope /Zc:inline /GR /Fo"cmTC_72b59.dir\Debug\\" /Fd"cmTC_72b59.dir\Debug\vc143.pdb" /external:W3 /Gd /TP /errorReport:queue "D:\Program Files\CMake\share\cmake-3.23\Modules\CMakeCXXCompilerABI.cpp"
  cmTC_72b59.vcxproj -> G:\C++\2022_07_14\VulkanTest26-Loading_models_Exp02\Vulkan3Dwheel\build\CMakeFiles\CMakeTmp\Debug\cmTC_72b59.exe



